<?xml version="1.0" encoding="UTF-8"?>
<testsuite xmlns:xsi="http://www.w3.org/2001/XMLSchema-instance" xsi:noNamespaceSchemaLocation="https://maven.apache.org/surefire/maven-surefire-plugin/xsd/surefire-test-report-3.0.xsd" version="3.0" name="edu.coursera.concurrent.ListSetTest" time="909.418" tests="6" errors="0" skipped="0" failures="0">
  <properties>
[...]
</properties>
  <testcase name="testCoarseGrainedLockingRandomLarge" classname="edu.coursera.concurrent.ListSetTest" time="281.049">
    <system-out><![CDATA[=========================================================
CoarseList vs. SyncList (Large Random)
=========================================================
# threads = 8
0.8254129837454895x improvement in add throughput (6.41713374710477 -> 5.2967855132916215)
0.9607125427037578x improvement in contains throughput (20.32004064008128 -> 19.521717911176182)
0.9021528450782224x improvement in remove throughput (24.553999616343756 -> 22.151460611934098)
=========================================================
]]></system-out>
  </testcase>
  <testcase name="testReadWriteLocksRandomLarge" classname="edu.coursera.concurrent.ListSetTest" time="257.164">
    <system-out><![CDATA[=========================================================
RWCoarseList vs. SyncList (Large Random)
=========================================================
# threads = 8
0.8616570973555174x improvement in add throughput (7.782101167315175 -> 6.705502703155777)
5.779993297587132x improvement in contains throughput (18.55341353819394 -> 107.23860589812332)
0.7541704857928505x improvement in remove throughput (25.927726462485822 -> 19.55392606171708)
=========================================================
]]></system-out>
  </testcase>
  <testcase name="testReadWriteLocksRandomSmall" classname="edu.coursera.concurrent.ListSetTest" time="73.963">
    <system-out><![CDATA[=========================================================
RWCoarseList vs. SyncList (Small Random)
=========================================================
# threads = 8
0.8388613481882762x improvement in add throughput (19.495552577068356 -> 16.354065518474982)
5.039976133651551x improvement in contains throughput (37.88327216763348 -> 190.9307875894988)
0.9667280681556529x improvement in remove throughput (38.10884839823746 -> 36.84089339166475)
=========================================================
]]></system-out>
  </testcase>
  <testcase name="testCoarseGrainedLockingRepeatingLarge" classname="edu.coursera.concurrent.ListSetTest" time="134.492">
    <system-out><![CDATA[=========================================================
CoarseList vs. SyncList (Large Repeating)
=========================================================
# threads = 8
0.9424624784167885x improvement in add throughput (108.23303926266242 -> 102.0055784300704)
0.9126660438834331x improvement in contains throughput (95.86578789694428 -> 87.49344938367244)
1.5924528301886791x improvement in remove throughput (1819.9052132701422 -> 2898.1132075471696)
=========================================================
]]></system-out>
  </testcase>
  <testcase name="testReadWriteLocksRepeatingLarge" classname="edu.coursera.concurrent.ListSetTest" time="106.019">
    <system-out><![CDATA[=========================================================
RWCoarseList vs. SyncList (Large Repeating)
=========================================================
# threads = 8
1.0031041701759031x improvement in add throughput (92.11725759247709 -> 92.40320523618163)
6.109481915933529x improvement in contains throughput (87.77142857142857 -> 536.2379555927943)
0.8144007155635062x improvement in remove throughput (2108.7314662273475 -> 1717.3524150268336)
=========================================================
]]></system-out>
  </testcase>
  <testcase name="testReadWriteLocksRepeatingSmall" classname="edu.coursera.concurrent.ListSetTest" time="56.694">
    <system-out><![CDATA[=========================================================
RWCoarseList vs. SyncList (Small Repeating)
=========================================================
# threads = 8
0.9705312136487011x improvement in add throughput (109.58278637064095 -> 106.3535146513045)
5.280612244897959x improvement in contains throughput (92.7536231884058 -> 489.7959183673469)
2.463512429831596x improvement in remove throughput (625.0 -> 1539.6952686447473)
=========================================================
]]></system-out>
  </testcase>
</testsuite>